<?xml version="1.0" encoding="UTF-8"?>
<testng-results ignored="2" total="3" passed="1" failed="0" skipped="0">
  <reporter-output>
  </reporter-output>
  <suite started-at="2022-11-03T22:25:59 TRT" name="Default suite" finished-at="2022-11-03T22:27:20 TRT" duration-ms="81169">
    <groups>
    </groups>
    <test started-at="2022-11-03T22:25:59 TRT" name="Default test" finished-at="2022-11-03T22:27:20 TRT" duration-ms="81169">
      <class name="com.mycompany.tests.CallTests">
        <test-method is-config="true" signature="beforeSuit()[pri:0, instance:com.mycompany.tests.CallTests@53fe15ff]" started-at="2022-11-03T22:25:59 TRT" name="beforeSuit" finished-at="2022-11-03T22:25:59 TRT" duration-ms="12" status="PASS">
          <reporter-output>
          </reporter-output>
        </test-method> <!-- beforeSuit -->
        <test-method is-config="true" signature="setExtent()[pri:0, instance:com.mycompany.tests.CallTests@53fe15ff]" started-at="2022-11-03T22:25:59 TRT" name="setExtent" finished-at="2022-11-03T22:25:59 TRT" duration-ms="359" status="PASS">
          <reporter-output>
          </reporter-output>
        </test-method> <!-- setExtent -->
        <test-method is-config="true" signature="beforeMethod()[pri:0, instance:com.mycompany.tests.CallTests@53fe15ff]" started-at="2022-11-03T22:25:59 TRT" name="beforeMethod" finished-at="2022-11-03T22:26:12 TRT" duration-ms="12306" status="PASS">
          <reporter-output>
          </reporter-output>
        </test-method> <!-- beforeMethod -->
        <test-method signature="hepsiburadaTest01()[pri:0, instance:com.mycompany.tests.CallTests@53fe15ff]" started-at="2022-11-03T22:26:12 TRT" name="hepsiburadaTest01" finished-at="2022-11-03T22:27:14 TRT" duration-ms="62472" status="PASS">
          <reporter-output>
          </reporter-output>
        </test-method> <!-- hepsiburadaTest01 -->
        <test-method is-config="true" signature="tearDown(org.testng.ITestResult)[pri:0, instance:com.mycompany.tests.CallTests@53fe15ff]" started-at="2022-11-03T22:27:14 TRT" name="tearDown" finished-at="2022-11-03T22:27:20 TRT" duration-ms="5607" status="PASS">
          <params>
            <param index="0">
              <value>
                <![CDATA[[TestResult name=hepsiburadaTest01 status=SUCCESS method=CallTests.hepsiburadaTest01()[pri:0, instance:com.mycompany.tests.CallTests@53fe15ff] output={null}]]]>
              </value>
            </param>
          </params>
          <reporter-output>
          </reporter-output>
        </test-method> <!-- tearDown -->
        <test-method is-config="true" signature="endReport()[pri:0, instance:com.mycompany.tests.CallTests@53fe15ff]" started-at="2022-11-03T22:27:20 TRT" name="endReport" finished-at="2022-11-03T22:27:20 TRT" duration-ms="373" status="PASS">
          <reporter-output>
          </reporter-output>
        </test-method> <!-- endReport -->
      </class> <!-- com.mycompany.tests.CallTests -->
    </test> <!-- Default test -->
  </suite> <!-- Default suite -->
</testng-results>
