<?xml version="1.0" encoding="UTF-8"?>
<!-- Generated by org.testng.reporters.JUnitXMLReporter -->
<testsuite ignored="2" hostname="DESKTOP-NC3MPMJ" failures="0" tests="1" name="Default test" time="81.169" errors="0" timestamp="2022-11-03T22:27:20 TRT">
  <testcase classname="com.mycompany.tests.CallTests" name="hepsiburadaTest01" time="62.472"/>
  <testcase classname="com.mycompany.tests.CallTests" name="loginFunction1" time="0.0">
    <ignored/>
  </testcase> <!-- loginFunction1 -->
  <testcase classname="com.mycompany.tests.CallTests" name="loginFunction" time="0.0">
    <ignored/>
  </testcase> <!-- loginFunction -->
</testsuite> <!-- Default test -->
